<?xml version="1.0" encoding="UTF-8"?>
<!-- Generated by org.testng.reporters.JUnitReportReporter -->
<testsuite hostname="DESKTOP-H0JRATU" failures="0" tests="7" name="Capstoneproject_3_java.Capstoneproject_3_java.LoginTest" time="85.877" errors="0" timestamp="2023-10-30T01:20:22 IST" skipped="0">
  <testcase classname="Capstoneproject_3_java.Capstoneproject_3_java.LoginTest" name="verifyLogin" time="18.709"/>
  <system-out/>
  <testcase classname="Capstoneproject_3_java.Capstoneproject_3_java.LoginTest" name="verifyLogin" time="7.004"/>
  <system-out/>
  <testcase classname="Capstoneproject_3_java.Capstoneproject_3_java.LoginTest" name="verifyLogin" time="14.715"/>
  <system-out/>
  <testcase classname="Capstoneproject_3_java.Capstoneproject_3_java.LoginTest" name="verifyLogin" time="13.919"/>
  <system-out/>
  <testcase classname="Capstoneproject_3_java.Capstoneproject_3_java.LoginTest" name="verifyLogin" time="14.426"/>
  <system-out/>
  <testcase classname="Capstoneproject_3_java.Capstoneproject_3_java.LoginTest" name="verifyLogin" time="3.625"/>
  <system-out/>
  <testcase classname="Capstoneproject_3_java.Capstoneproject_3_java.LoginTest" name="verifyLogin" time="13.479"/>
  <system-out/>
</testsuite> <!-- Capstoneproject_3_java.Capstoneproject_3_java.LoginTest -->
