<?xml version="1.0" encoding="UTF-8"?>
<!-- Generated by org.testng.reporters.JUnitReportReporter -->
<testsuite hostname="DESKTOP-H0JRATU" failures="0" tests="7" name="Capstoneproject_3_java.Capstoneproject_3_java.LoginTest" time="124.770" errors="0" timestamp="2023-10-31T00:01:27 IST" skipped="0">
  <testcase classname="Capstoneproject_3_java.Capstoneproject_3_java.LoginTest" name="verifyLogin" time="21.228"/>
  <system-out/>
  <testcase classname="Capstoneproject_3_java.Capstoneproject_3_java.LoginTest" name="verifyLogin" time="9.865"/>
  <system-out/>
  <testcase classname="Capstoneproject_3_java.Capstoneproject_3_java.LoginTest" name="verifyLogin" time="25.146"/>
  <system-out/>
  <testcase classname="Capstoneproject_3_java.Capstoneproject_3_java.LoginTest" name="verifyLogin" time="21.028"/>
  <system-out/>
  <testcase classname="Capstoneproject_3_java.Capstoneproject_3_java.LoginTest" name="verifyLogin" time="27.506"/>
  <system-out/>
  <testcase classname="Capstoneproject_3_java.Capstoneproject_3_java.LoginTest" name="verifyLogin" time="5.383"/>
  <system-out/>
  <testcase classname="Capstoneproject_3_java.Capstoneproject_3_java.LoginTest" name="verifyLogin" time="14.614"/>
  <system-out/>
</testsuite> <!-- Capstoneproject_3_java.Capstoneproject_3_java.LoginTest -->
